producer_class	xtools.gsea.GseaPreranked
producer_timestamp	1681432024565
param	rpt_label	wbh_treatment_C5_gobp
param	rnd_seed	timestamp
param	set_min	15
param	zip_report	false
param	create_svgs	false
param	scoring_scheme	weighted
param	rnk	C:\GitHub\Lowry-WBH\gsea\wbh_treatment_res_for_gsea.rnk
param	norm	meandiv
param	out	C:\Users\Gallifrey\gsea_home\output\apr13
param	mode	Abs_max_of_probes
param	include_only_symbols	true
param	help	false
param	set_max	500
param	gmx	ftp.broadinstitute.org://pub/gsea/msigdb/human/gene_sets/c5.go.bp.v2023.1.Hs.symbols.gmt
param	make_sets	true
param	plot_top_x	20
param	gui	false
param	nperm	1000
param	collapse	No_Collapse

file	C:\Users\Gallifrey\gsea_home\output\apr13\wbh_treatment_C5_gobp.GseaPreranked.1681432024565\index.html
