Started analysis of SF0012_1.fq.gz
Approx 5% complete for SF0012_1.fq.gz
Approx 10% complete for SF0012_1.fq.gz
Approx 15% complete for SF0012_1.fq.gz
Approx 20% complete for SF0012_1.fq.gz
Approx 25% complete for SF0012_1.fq.gz
Approx 30% complete for SF0012_1.fq.gz
Approx 35% complete for SF0012_1.fq.gz
Approx 40% complete for SF0012_1.fq.gz
Approx 45% complete for SF0012_1.fq.gz
Approx 50% complete for SF0012_1.fq.gz
Approx 55% complete for SF0012_1.fq.gz
Approx 60% complete for SF0012_1.fq.gz
Approx 65% complete for SF0012_1.fq.gz
Approx 70% complete for SF0012_1.fq.gz
Approx 75% complete for SF0012_1.fq.gz
Approx 80% complete for SF0012_1.fq.gz
Approx 85% complete for SF0012_1.fq.gz
Approx 90% complete for SF0012_1.fq.gz
Approx 95% complete for SF0012_1.fq.gz
Analysis complete for SF0012_1.fq.gz
Started analysis of SF0012_2.fq.gz
Approx 5% complete for SF0012_2.fq.gz
Approx 10% complete for SF0012_2.fq.gz
Approx 15% complete for SF0012_2.fq.gz
Approx 20% complete for SF0012_2.fq.gz
Approx 25% complete for SF0012_2.fq.gz
Approx 30% complete for SF0012_2.fq.gz
Approx 35% complete for SF0012_2.fq.gz
Approx 40% complete for SF0012_2.fq.gz
Approx 45% complete for SF0012_2.fq.gz
Approx 50% complete for SF0012_2.fq.gz
Approx 55% complete for SF0012_2.fq.gz
Approx 60% complete for SF0012_2.fq.gz
Approx 65% complete for SF0012_2.fq.gz
Approx 70% complete for SF0012_2.fq.gz
Approx 75% complete for SF0012_2.fq.gz
Approx 80% complete for SF0012_2.fq.gz
Approx 85% complete for SF0012_2.fq.gz
Approx 90% complete for SF0012_2.fq.gz
Approx 95% complete for SF0012_2.fq.gz
Analysis complete for SF0012_2.fq.gz
Started analysis of SF0016_1.fq.gz
Approx 5% complete for SF0016_1.fq.gz
Approx 10% complete for SF0016_1.fq.gz
Approx 15% complete for SF0016_1.fq.gz
Approx 20% complete for SF0016_1.fq.gz
Approx 25% complete for SF0016_1.fq.gz
Approx 30% complete for SF0016_1.fq.gz
Approx 35% complete for SF0016_1.fq.gz
Approx 40% complete for SF0016_1.fq.gz
Approx 45% complete for SF0016_1.fq.gz
Approx 50% complete for SF0016_1.fq.gz
Approx 55% complete for SF0016_1.fq.gz
Approx 60% complete for SF0016_1.fq.gz
Approx 65% complete for SF0016_1.fq.gz
Approx 70% complete for SF0016_1.fq.gz
Approx 75% complete for SF0016_1.fq.gz
Approx 80% complete for SF0016_1.fq.gz
Approx 85% complete for SF0016_1.fq.gz
Approx 90% complete for SF0016_1.fq.gz
Approx 95% complete for SF0016_1.fq.gz
Analysis complete for SF0016_1.fq.gz
Started analysis of SF0016_2.fq.gz
Approx 5% complete for SF0016_2.fq.gz
Approx 10% complete for SF0016_2.fq.gz
Approx 15% complete for SF0016_2.fq.gz
Approx 20% complete for SF0016_2.fq.gz
Approx 25% complete for SF0016_2.fq.gz
Approx 30% complete for SF0016_2.fq.gz
Approx 35% complete for SF0016_2.fq.gz
Approx 40% complete for SF0016_2.fq.gz
Approx 45% complete for SF0016_2.fq.gz
Approx 50% complete for SF0016_2.fq.gz
Approx 55% complete for SF0016_2.fq.gz
Approx 60% complete for SF0016_2.fq.gz
Approx 65% complete for SF0016_2.fq.gz
Approx 70% complete for SF0016_2.fq.gz
Approx 75% complete for SF0016_2.fq.gz
Approx 80% complete for SF0016_2.fq.gz
Approx 85% complete for SF0016_2.fq.gz
Approx 90% complete for SF0016_2.fq.gz
Approx 95% complete for SF0016_2.fq.gz
Analysis complete for SF0016_2.fq.gz
Started analysis of SF0018_1.fq.gz
Approx 5% complete for SF0018_1.fq.gz
Approx 10% complete for SF0018_1.fq.gz
Approx 15% complete for SF0018_1.fq.gz
Approx 20% complete for SF0018_1.fq.gz
Approx 25% complete for SF0018_1.fq.gz
Approx 30% complete for SF0018_1.fq.gz
Approx 35% complete for SF0018_1.fq.gz
Approx 40% complete for SF0018_1.fq.gz
Approx 45% complete for SF0018_1.fq.gz
Approx 50% complete for SF0018_1.fq.gz
Approx 55% complete for SF0018_1.fq.gz
Approx 60% complete for SF0018_1.fq.gz
Approx 65% complete for SF0018_1.fq.gz
Approx 70% complete for SF0018_1.fq.gz
Approx 75% complete for SF0018_1.fq.gz
Approx 80% complete for SF0018_1.fq.gz
Approx 85% complete for SF0018_1.fq.gz
Approx 90% complete for SF0018_1.fq.gz
Approx 95% complete for SF0018_1.fq.gz
Analysis complete for SF0018_1.fq.gz
Started analysis of SF0018_2.fq.gz
Approx 5% complete for SF0018_2.fq.gz
Approx 10% complete for SF0018_2.fq.gz
Approx 15% complete for SF0018_2.fq.gz
Approx 20% complete for SF0018_2.fq.gz
Approx 25% complete for SF0018_2.fq.gz
Approx 30% complete for SF0018_2.fq.gz
Approx 35% complete for SF0018_2.fq.gz
Approx 40% complete for SF0018_2.fq.gz
Approx 45% complete for SF0018_2.fq.gz
Approx 50% complete for SF0018_2.fq.gz
Approx 55% complete for SF0018_2.fq.gz
Approx 60% complete for SF0018_2.fq.gz
Approx 65% complete for SF0018_2.fq.gz
Approx 70% complete for SF0018_2.fq.gz
Approx 75% complete for SF0018_2.fq.gz
Approx 80% complete for SF0018_2.fq.gz
Approx 85% complete for SF0018_2.fq.gz
Approx 90% complete for SF0018_2.fq.gz
Approx 95% complete for SF0018_2.fq.gz
Analysis complete for SF0018_2.fq.gz
Started analysis of SF0022_1.fq.gz
Approx 5% complete for SF0022_1.fq.gz
Approx 10% complete for SF0022_1.fq.gz
Approx 15% complete for SF0022_1.fq.gz
Approx 20% complete for SF0022_1.fq.gz
Approx 25% complete for SF0022_1.fq.gz
Approx 30% complete for SF0022_1.fq.gz
Approx 35% complete for SF0022_1.fq.gz
Approx 40% complete for SF0022_1.fq.gz
Approx 45% complete for SF0022_1.fq.gz
Approx 50% complete for SF0022_1.fq.gz
Approx 55% complete for SF0022_1.fq.gz
Approx 60% complete for SF0022_1.fq.gz
Approx 65% complete for SF0022_1.fq.gz
Approx 70% complete for SF0022_1.fq.gz
Approx 75% complete for SF0022_1.fq.gz
Approx 80% complete for SF0022_1.fq.gz
Approx 85% complete for SF0022_1.fq.gz
Approx 90% complete for SF0022_1.fq.gz
Approx 95% complete for SF0022_1.fq.gz
Analysis complete for SF0022_1.fq.gz
Started analysis of SF0022_2.fq.gz
Approx 5% complete for SF0022_2.fq.gz
Approx 10% complete for SF0022_2.fq.gz
Approx 15% complete for SF0022_2.fq.gz
Approx 20% complete for SF0022_2.fq.gz
Approx 25% complete for SF0022_2.fq.gz
Approx 30% complete for SF0022_2.fq.gz
Approx 35% complete for SF0022_2.fq.gz
Approx 40% complete for SF0022_2.fq.gz
Approx 45% complete for SF0022_2.fq.gz
Approx 50% complete for SF0022_2.fq.gz
Approx 55% complete for SF0022_2.fq.gz
Approx 60% complete for SF0022_2.fq.gz
Approx 65% complete for SF0022_2.fq.gz
Approx 70% complete for SF0022_2.fq.gz
Approx 75% complete for SF0022_2.fq.gz
Approx 80% complete for SF0022_2.fq.gz
Approx 85% complete for SF0022_2.fq.gz
Approx 90% complete for SF0022_2.fq.gz
Approx 95% complete for SF0022_2.fq.gz
Analysis complete for SF0022_2.fq.gz
Started analysis of SM1004_1.fq.gz
Approx 5% complete for SM1004_1.fq.gz
Approx 10% complete for SM1004_1.fq.gz
Approx 15% complete for SM1004_1.fq.gz
Approx 20% complete for SM1004_1.fq.gz
Approx 25% complete for SM1004_1.fq.gz
Approx 30% complete for SM1004_1.fq.gz
Approx 35% complete for SM1004_1.fq.gz
Approx 40% complete for SM1004_1.fq.gz
Approx 45% complete for SM1004_1.fq.gz
Approx 50% complete for SM1004_1.fq.gz
Approx 55% complete for SM1004_1.fq.gz
Approx 60% complete for SM1004_1.fq.gz
Approx 65% complete for SM1004_1.fq.gz
Approx 70% complete for SM1004_1.fq.gz
Approx 75% complete for SM1004_1.fq.gz
Approx 80% complete for SM1004_1.fq.gz
Approx 85% complete for SM1004_1.fq.gz
Approx 90% complete for SM1004_1.fq.gz
Approx 95% complete for SM1004_1.fq.gz
Analysis complete for SM1004_1.fq.gz
Started analysis of SM1004_2.fq.gz
Approx 5% complete for SM1004_2.fq.gz
Approx 10% complete for SM1004_2.fq.gz
Approx 15% complete for SM1004_2.fq.gz
Approx 20% complete for SM1004_2.fq.gz
Approx 25% complete for SM1004_2.fq.gz
Approx 30% complete for SM1004_2.fq.gz
Approx 35% complete for SM1004_2.fq.gz
Approx 40% complete for SM1004_2.fq.gz
Approx 45% complete for SM1004_2.fq.gz
Approx 50% complete for SM1004_2.fq.gz
Approx 55% complete for SM1004_2.fq.gz
Approx 60% complete for SM1004_2.fq.gz
Approx 65% complete for SM1004_2.fq.gz
Approx 70% complete for SM1004_2.fq.gz
Approx 75% complete for SM1004_2.fq.gz
Approx 80% complete for SM1004_2.fq.gz
Approx 85% complete for SM1004_2.fq.gz
Approx 90% complete for SM1004_2.fq.gz
Approx 95% complete for SM1004_2.fq.gz
Analysis complete for SM1004_2.fq.gz
Started analysis of SM1005_1.fq.gz
Approx 5% complete for SM1005_1.fq.gz
Approx 10% complete for SM1005_1.fq.gz
Approx 15% complete for SM1005_1.fq.gz
Approx 20% complete for SM1005_1.fq.gz
Approx 25% complete for SM1005_1.fq.gz
Approx 30% complete for SM1005_1.fq.gz
Approx 35% complete for SM1005_1.fq.gz
Approx 40% complete for SM1005_1.fq.gz
Approx 45% complete for SM1005_1.fq.gz
Approx 50% complete for SM1005_1.fq.gz
Approx 55% complete for SM1005_1.fq.gz
Approx 60% complete for SM1005_1.fq.gz
Approx 65% complete for SM1005_1.fq.gz
Approx 70% complete for SM1005_1.fq.gz
Approx 75% complete for SM1005_1.fq.gz
Approx 80% complete for SM1005_1.fq.gz
Approx 85% complete for SM1005_1.fq.gz
Approx 90% complete for SM1005_1.fq.gz
Approx 95% complete for SM1005_1.fq.gz
Analysis complete for SM1005_1.fq.gz
Started analysis of SM1005_2.fq.gz
Approx 5% complete for SM1005_2.fq.gz
Approx 10% complete for SM1005_2.fq.gz
Approx 15% complete for SM1005_2.fq.gz
Approx 20% complete for SM1005_2.fq.gz
Approx 25% complete for SM1005_2.fq.gz
Approx 30% complete for SM1005_2.fq.gz
Approx 35% complete for SM1005_2.fq.gz
Approx 40% complete for SM1005_2.fq.gz
Approx 45% complete for SM1005_2.fq.gz
Approx 50% complete for SM1005_2.fq.gz
Approx 55% complete for SM1005_2.fq.gz
Approx 60% complete for SM1005_2.fq.gz
Approx 65% complete for SM1005_2.fq.gz
Approx 70% complete for SM1005_2.fq.gz
Approx 75% complete for SM1005_2.fq.gz
Approx 80% complete for SM1005_2.fq.gz
Approx 85% complete for SM1005_2.fq.gz
Approx 90% complete for SM1005_2.fq.gz
Approx 95% complete for SM1005_2.fq.gz
Analysis complete for SM1005_2.fq.gz
Started analysis of SM1007_1.fq.gz
Approx 5% complete for SM1007_1.fq.gz
Approx 10% complete for SM1007_1.fq.gz
Approx 15% complete for SM1007_1.fq.gz
Approx 20% complete for SM1007_1.fq.gz
Approx 25% complete for SM1007_1.fq.gz
Approx 30% complete for SM1007_1.fq.gz
Approx 35% complete for SM1007_1.fq.gz
Approx 40% complete for SM1007_1.fq.gz
Approx 45% complete for SM1007_1.fq.gz
Approx 50% complete for SM1007_1.fq.gz
Approx 55% complete for SM1007_1.fq.gz
Approx 60% complete for SM1007_1.fq.gz
Approx 65% complete for SM1007_1.fq.gz
Approx 70% complete for SM1007_1.fq.gz
Approx 75% complete for SM1007_1.fq.gz
Approx 80% complete for SM1007_1.fq.gz
Approx 85% complete for SM1007_1.fq.gz
Approx 90% complete for SM1007_1.fq.gz
Approx 95% complete for SM1007_1.fq.gz
Analysis complete for SM1007_1.fq.gz
Started analysis of SM1007_2.fq.gz
Approx 5% complete for SM1007_2.fq.gz
Approx 10% complete for SM1007_2.fq.gz
Approx 15% complete for SM1007_2.fq.gz
Approx 20% complete for SM1007_2.fq.gz
Approx 25% complete for SM1007_2.fq.gz
Approx 30% complete for SM1007_2.fq.gz
Approx 35% complete for SM1007_2.fq.gz
Approx 40% complete for SM1007_2.fq.gz
Approx 45% complete for SM1007_2.fq.gz
Approx 50% complete for SM1007_2.fq.gz
Approx 55% complete for SM1007_2.fq.gz
Approx 60% complete for SM1007_2.fq.gz
Approx 65% complete for SM1007_2.fq.gz
Approx 70% complete for SM1007_2.fq.gz
Approx 75% complete for SM1007_2.fq.gz
Approx 80% complete for SM1007_2.fq.gz
Approx 85% complete for SM1007_2.fq.gz
Approx 90% complete for SM1007_2.fq.gz
Approx 95% complete for SM1007_2.fq.gz
Analysis complete for SM1007_2.fq.gz
Started analysis of SM1008_1.fq.gz
Approx 5% complete for SM1008_1.fq.gz
Approx 10% complete for SM1008_1.fq.gz
Approx 15% complete for SM1008_1.fq.gz
Approx 20% complete for SM1008_1.fq.gz
Approx 25% complete for SM1008_1.fq.gz
Approx 30% complete for SM1008_1.fq.gz
Approx 35% complete for SM1008_1.fq.gz
Approx 40% complete for SM1008_1.fq.gz
Approx 45% complete for SM1008_1.fq.gz
Approx 50% complete for SM1008_1.fq.gz
Approx 55% complete for SM1008_1.fq.gz
Approx 60% complete for SM1008_1.fq.gz
Approx 65% complete for SM1008_1.fq.gz
Approx 70% complete for SM1008_1.fq.gz
Approx 75% complete for SM1008_1.fq.gz
Approx 80% complete for SM1008_1.fq.gz
Approx 85% complete for SM1008_1.fq.gz
Approx 90% complete for SM1008_1.fq.gz
Approx 95% complete for SM1008_1.fq.gz
Analysis complete for SM1008_1.fq.gz
Started analysis of SM1008_2.fq.gz
Approx 5% complete for SM1008_2.fq.gz
Approx 10% complete for SM1008_2.fq.gz
Approx 15% complete for SM1008_2.fq.gz
Approx 20% complete for SM1008_2.fq.gz
Approx 25% complete for SM1008_2.fq.gz
Approx 30% complete for SM1008_2.fq.gz
Approx 35% complete for SM1008_2.fq.gz
Approx 40% complete for SM1008_2.fq.gz
Approx 45% complete for SM1008_2.fq.gz
Approx 50% complete for SM1008_2.fq.gz
Approx 55% complete for SM1008_2.fq.gz
Approx 60% complete for SM1008_2.fq.gz
Approx 65% complete for SM1008_2.fq.gz
Approx 70% complete for SM1008_2.fq.gz
Approx 75% complete for SM1008_2.fq.gz
Approx 80% complete for SM1008_2.fq.gz
Approx 85% complete for SM1008_2.fq.gz
Approx 90% complete for SM1008_2.fq.gz
Approx 95% complete for SM1008_2.fq.gz
Analysis complete for SM1008_2.fq.gz
Started analysis of SM1010_1.fq.gz
Approx 5% complete for SM1010_1.fq.gz
Approx 10% complete for SM1010_1.fq.gz
Approx 15% complete for SM1010_1.fq.gz
Approx 20% complete for SM1010_1.fq.gz
Approx 25% complete for SM1010_1.fq.gz
Approx 30% complete for SM1010_1.fq.gz
Approx 35% complete for SM1010_1.fq.gz
Approx 40% complete for SM1010_1.fq.gz
Approx 45% complete for SM1010_1.fq.gz
Approx 50% complete for SM1010_1.fq.gz
Approx 55% complete for SM1010_1.fq.gz
Approx 60% complete for SM1010_1.fq.gz
Approx 65% complete for SM1010_1.fq.gz
Approx 70% complete for SM1010_1.fq.gz
Approx 75% complete for SM1010_1.fq.gz
Approx 80% complete for SM1010_1.fq.gz
Approx 85% complete for SM1010_1.fq.gz
Approx 90% complete for SM1010_1.fq.gz
Approx 95% complete for SM1010_1.fq.gz
Analysis complete for SM1010_1.fq.gz
Started analysis of SM1010_2.fq.gz
Approx 5% complete for SM1010_2.fq.gz
Approx 10% complete for SM1010_2.fq.gz
Approx 15% complete for SM1010_2.fq.gz
Approx 20% complete for SM1010_2.fq.gz
Approx 25% complete for SM1010_2.fq.gz
Approx 30% complete for SM1010_2.fq.gz
Approx 35% complete for SM1010_2.fq.gz
Approx 40% complete for SM1010_2.fq.gz
Approx 45% complete for SM1010_2.fq.gz
Approx 50% complete for SM1010_2.fq.gz
Approx 55% complete for SM1010_2.fq.gz
Approx 60% complete for SM1010_2.fq.gz
Approx 65% complete for SM1010_2.fq.gz
Approx 70% complete for SM1010_2.fq.gz
Approx 75% complete for SM1010_2.fq.gz
Approx 80% complete for SM1010_2.fq.gz
Approx 85% complete for SM1010_2.fq.gz
Approx 90% complete for SM1010_2.fq.gz
Approx 95% complete for SM1010_2.fq.gz
Analysis complete for SM1010_2.fq.gz
Started analysis of TF0005_1.fq.gz
Approx 5% complete for TF0005_1.fq.gz
Approx 10% complete for TF0005_1.fq.gz
Approx 15% complete for TF0005_1.fq.gz
Approx 20% complete for TF0005_1.fq.gz
Approx 25% complete for TF0005_1.fq.gz
Approx 30% complete for TF0005_1.fq.gz
Approx 35% complete for TF0005_1.fq.gz
Approx 40% complete for TF0005_1.fq.gz
Approx 45% complete for TF0005_1.fq.gz
Approx 50% complete for TF0005_1.fq.gz
Approx 55% complete for TF0005_1.fq.gz
Approx 60% complete for TF0005_1.fq.gz
Approx 65% complete for TF0005_1.fq.gz
Approx 70% complete for TF0005_1.fq.gz
Approx 75% complete for TF0005_1.fq.gz
Approx 80% complete for TF0005_1.fq.gz
Approx 85% complete for TF0005_1.fq.gz
Approx 90% complete for TF0005_1.fq.gz
Approx 95% complete for TF0005_1.fq.gz
Analysis complete for TF0005_1.fq.gz
Started analysis of TF0005_2.fq.gz
Approx 5% complete for TF0005_2.fq.gz
Approx 10% complete for TF0005_2.fq.gz
Approx 15% complete for TF0005_2.fq.gz
Approx 20% complete for TF0005_2.fq.gz
Approx 25% complete for TF0005_2.fq.gz
Approx 30% complete for TF0005_2.fq.gz
Approx 35% complete for TF0005_2.fq.gz
Approx 40% complete for TF0005_2.fq.gz
Approx 45% complete for TF0005_2.fq.gz
Approx 50% complete for TF0005_2.fq.gz
Approx 55% complete for TF0005_2.fq.gz
Approx 60% complete for TF0005_2.fq.gz
Approx 65% complete for TF0005_2.fq.gz
Approx 70% complete for TF0005_2.fq.gz
Approx 75% complete for TF0005_2.fq.gz
Approx 80% complete for TF0005_2.fq.gz
Approx 85% complete for TF0005_2.fq.gz
Approx 90% complete for TF0005_2.fq.gz
Approx 95% complete for TF0005_2.fq.gz
Analysis complete for TF0005_2.fq.gz
Started analysis of TF0006_1.fq.gz
Approx 5% complete for TF0006_1.fq.gz
Approx 10% complete for TF0006_1.fq.gz
Approx 15% complete for TF0006_1.fq.gz
Approx 20% complete for TF0006_1.fq.gz
Approx 25% complete for TF0006_1.fq.gz
Approx 30% complete for TF0006_1.fq.gz
Approx 35% complete for TF0006_1.fq.gz
Approx 40% complete for TF0006_1.fq.gz
Approx 45% complete for TF0006_1.fq.gz
Approx 50% complete for TF0006_1.fq.gz
Approx 55% complete for TF0006_1.fq.gz
Approx 60% complete for TF0006_1.fq.gz
Approx 65% complete for TF0006_1.fq.gz
Approx 70% complete for TF0006_1.fq.gz
Approx 75% complete for TF0006_1.fq.gz
Approx 80% complete for TF0006_1.fq.gz
Approx 85% complete for TF0006_1.fq.gz
Approx 90% complete for TF0006_1.fq.gz
Approx 95% complete for TF0006_1.fq.gz
Analysis complete for TF0006_1.fq.gz
slurmstepd: error: *** JOB 968352 ON c3cpu-a7-u15-1 CANCELLED AT 2023-03-17T17:41:18 DUE TO TIME LIMIT ***
Started analysis of TF0006_2.fq.gz
