Specified output directory '/gpfs/alpine1/scratch/tyak9569/wbh/fastQC/raw/' does not exist
Specified output directory '/gpfs/alpine1/scratch/tyak9569/wbh/fastQC/raw/' does not exist
Specified output directory '/gpfs/alpine1/scratch/tyak9569/wbh/fastQC/raw/' does not exist
Specified output directory '/gpfs/alpine1/scratch/tyak9569/wbh/fastQC/raw/' does not exist
Specified output directory '/gpfs/alpine1/scratch/tyak9569/wbh/fastQC/raw/' does not exist
Specified output directory '/gpfs/alpine1/scratch/tyak9569/wbh/fastQC/raw/' does not exist
Specified output directory '/gpfs/alpine1/scratch/tyak9569/wbh/fastQC/raw/' does not exist
Specified output directory '/gpfs/alpine1/scratch/tyak9569/wbh/fastQC/raw/' does not exist
Specified output directory '/gpfs/alpine1/scratch/tyak9569/wbh/fastQC/raw/' does not exist
Specified output directory '/gpfs/alpine1/scratch/tyak9569/wbh/fastQC/raw/' does not exist
Specified output directory '/gpfs/alpine1/scratch/tyak9569/wbh/fastQC/raw/' does not exist
Specified output directory '/gpfs/alpine1/scratch/tyak9569/wbh/fastQC/raw/' does not exist
Specified output directory '/gpfs/alpine1/scratch/tyak9569/wbh/fastQC/raw/' does not exist
Specified output directory '/gpfs/alpine1/scratch/tyak9569/wbh/fastQC/raw/' does not exist
Specified output directory '/gpfs/alpine1/scratch/tyak9569/wbh/fastQC/raw/' does not exist
Specified output directory '/gpfs/alpine1/scratch/tyak9569/wbh/fastQC/raw/' does not exist
Specified output directory '/gpfs/alpine1/scratch/tyak9569/wbh/fastQC/raw/' does not exist
Specified output directory '/gpfs/alpine1/scratch/tyak9569/wbh/fastQC/raw/' does not exist
Specified output directory '/gpfs/alpine1/scratch/tyak9569/wbh/fastQC/raw/' does not exist
Specified output directory '/gpfs/alpine1/scratch/tyak9569/wbh/fastQC/raw/' does not exist
Specified output directory '/gpfs/alpine1/scratch/tyak9569/wbh/fastQC/raw/' does not exist
Specified output directory '/gpfs/alpine1/scratch/tyak9569/wbh/fastQC/raw/' does not exist
Specified output directory '/gpfs/alpine1/scratch/tyak9569/wbh/fastQC/raw/' does not exist
Specified output directory '/gpfs/alpine1/scratch/tyak9569/wbh/fastQC/raw/' does not exist
Specified output directory '/gpfs/alpine1/scratch/tyak9569/wbh/fastQC/raw/' does not exist
Specified output directory '/gpfs/alpine1/scratch/tyak9569/wbh/fastQC/raw/' does not exist
Specified output directory '/gpfs/alpine1/scratch/tyak9569/wbh/fastQC/raw/' does not exist
Specified output directory '/gpfs/alpine1/scratch/tyak9569/wbh/fastQC/raw/' does not exist
Specified output directory '/gpfs/alpine1/scratch/tyak9569/wbh/fastQC/raw/' does not exist
Specified output directory '/gpfs/alpine1/scratch/tyak9569/wbh/fastQC/raw/' does not exist
Specified output directory '/gpfs/alpine1/scratch/tyak9569/wbh/fastQC/raw/' does not exist
Specified output directory '/gpfs/alpine1/scratch/tyak9569/wbh/fastQC/raw/' does not exist
Specified output directory '/gpfs/alpine1/scratch/tyak9569/wbh/fastQC/raw/' does not exist
Specified output directory '/gpfs/alpine1/scratch/tyak9569/wbh/fastQC/raw/' does not exist
Specified output directory '/gpfs/alpine1/scratch/tyak9569/wbh/fastQC/raw/' does not exist
Specified output directory '/gpfs/alpine1/scratch/tyak9569/wbh/fastQC/raw/' does not exist
Specified output directory '/gpfs/alpine1/scratch/tyak9569/wbh/fastQC/raw/' does not exist
Specified output directory '/gpfs/alpine1/scratch/tyak9569/wbh/fastQC/raw/' does not exist
Specified output directory '/gpfs/alpine1/scratch/tyak9569/wbh/fastQC/raw/' does not exist
Specified output directory '/gpfs/alpine1/scratch/tyak9569/wbh/fastQC/raw/' does not exist
Started analysis of SF0012_1_trimmed.fq.gz
Approx 5% complete for SF0012_1_trimmed.fq.gz
Approx 10% complete for SF0012_1_trimmed.fq.gz
Approx 15% complete for SF0012_1_trimmed.fq.gz
Approx 20% complete for SF0012_1_trimmed.fq.gz
Approx 25% complete for SF0012_1_trimmed.fq.gz
Approx 30% complete for SF0012_1_trimmed.fq.gz
Approx 35% complete for SF0012_1_trimmed.fq.gz
Approx 40% complete for SF0012_1_trimmed.fq.gz
Approx 45% complete for SF0012_1_trimmed.fq.gz
Approx 50% complete for SF0012_1_trimmed.fq.gz
Approx 55% complete for SF0012_1_trimmed.fq.gz
Approx 60% complete for SF0012_1_trimmed.fq.gz
Approx 65% complete for SF0012_1_trimmed.fq.gz
Approx 70% complete for SF0012_1_trimmed.fq.gz
Approx 75% complete for SF0012_1_trimmed.fq.gz
Approx 80% complete for SF0012_1_trimmed.fq.gz
Approx 85% complete for SF0012_1_trimmed.fq.gz
Approx 90% complete for SF0012_1_trimmed.fq.gz
Approx 95% complete for SF0012_1_trimmed.fq.gz
Analysis complete for SF0012_1_trimmed.fq.gz
Started analysis of SF0012_2_trimmed.fq.gz
Approx 5% complete for SF0012_2_trimmed.fq.gz
Approx 10% complete for SF0012_2_trimmed.fq.gz
Approx 15% complete for SF0012_2_trimmed.fq.gz
Approx 20% complete for SF0012_2_trimmed.fq.gz
Approx 25% complete for SF0012_2_trimmed.fq.gz
Approx 30% complete for SF0012_2_trimmed.fq.gz
Approx 35% complete for SF0012_2_trimmed.fq.gz
Approx 40% complete for SF0012_2_trimmed.fq.gz
Approx 45% complete for SF0012_2_trimmed.fq.gz
Approx 50% complete for SF0012_2_trimmed.fq.gz
Approx 55% complete for SF0012_2_trimmed.fq.gz
Approx 60% complete for SF0012_2_trimmed.fq.gz
Approx 65% complete for SF0012_2_trimmed.fq.gz
Approx 70% complete for SF0012_2_trimmed.fq.gz
Approx 75% complete for SF0012_2_trimmed.fq.gz
Approx 80% complete for SF0012_2_trimmed.fq.gz
Approx 85% complete for SF0012_2_trimmed.fq.gz
Approx 90% complete for SF0012_2_trimmed.fq.gz
Approx 95% complete for SF0012_2_trimmed.fq.gz
Analysis complete for SF0012_2_trimmed.fq.gz
Started analysis of SF0016_1_trimmed.fq.gz
Approx 5% complete for SF0016_1_trimmed.fq.gz
Approx 10% complete for SF0016_1_trimmed.fq.gz
Approx 15% complete for SF0016_1_trimmed.fq.gz
Approx 20% complete for SF0016_1_trimmed.fq.gz
Approx 25% complete for SF0016_1_trimmed.fq.gz
Approx 30% complete for SF0016_1_trimmed.fq.gz
Approx 35% complete for SF0016_1_trimmed.fq.gz
Approx 40% complete for SF0016_1_trimmed.fq.gz
Approx 45% complete for SF0016_1_trimmed.fq.gz
Approx 50% complete for SF0016_1_trimmed.fq.gz
Approx 55% complete for SF0016_1_trimmed.fq.gz
Approx 60% complete for SF0016_1_trimmed.fq.gz
Approx 65% complete for SF0016_1_trimmed.fq.gz
Approx 70% complete for SF0016_1_trimmed.fq.gz
Approx 75% complete for SF0016_1_trimmed.fq.gz
Approx 80% complete for SF0016_1_trimmed.fq.gz
Approx 85% complete for SF0016_1_trimmed.fq.gz
Approx 90% complete for SF0016_1_trimmed.fq.gz
Approx 95% complete for SF0016_1_trimmed.fq.gz
Analysis complete for SF0016_1_trimmed.fq.gz
Started analysis of SF0016_2_trimmed.fq.gz
Approx 5% complete for SF0016_2_trimmed.fq.gz
Approx 10% complete for SF0016_2_trimmed.fq.gz
Approx 15% complete for SF0016_2_trimmed.fq.gz
Approx 20% complete for SF0016_2_trimmed.fq.gz
Approx 25% complete for SF0016_2_trimmed.fq.gz
Approx 30% complete for SF0016_2_trimmed.fq.gz
Approx 35% complete for SF0016_2_trimmed.fq.gz
Approx 40% complete for SF0016_2_trimmed.fq.gz
Approx 45% complete for SF0016_2_trimmed.fq.gz
Approx 50% complete for SF0016_2_trimmed.fq.gz
Approx 55% complete for SF0016_2_trimmed.fq.gz
Approx 60% complete for SF0016_2_trimmed.fq.gz
Approx 65% complete for SF0016_2_trimmed.fq.gz
Approx 70% complete for SF0016_2_trimmed.fq.gz
Approx 75% complete for SF0016_2_trimmed.fq.gz
Approx 80% complete for SF0016_2_trimmed.fq.gz
Approx 85% complete for SF0016_2_trimmed.fq.gz
Approx 90% complete for SF0016_2_trimmed.fq.gz
Approx 95% complete for SF0016_2_trimmed.fq.gz
Analysis complete for SF0016_2_trimmed.fq.gz
Started analysis of SF0018_1_trimmed.fq.gz
Approx 5% complete for SF0018_1_trimmed.fq.gz
Approx 10% complete for SF0018_1_trimmed.fq.gz
Approx 15% complete for SF0018_1_trimmed.fq.gz
Approx 20% complete for SF0018_1_trimmed.fq.gz
Approx 25% complete for SF0018_1_trimmed.fq.gz
Approx 30% complete for SF0018_1_trimmed.fq.gz
Approx 35% complete for SF0018_1_trimmed.fq.gz
Approx 40% complete for SF0018_1_trimmed.fq.gz
Approx 45% complete for SF0018_1_trimmed.fq.gz
Approx 50% complete for SF0018_1_trimmed.fq.gz
Approx 55% complete for SF0018_1_trimmed.fq.gz
Approx 60% complete for SF0018_1_trimmed.fq.gz
Approx 65% complete for SF0018_1_trimmed.fq.gz
Approx 70% complete for SF0018_1_trimmed.fq.gz
Approx 75% complete for SF0018_1_trimmed.fq.gz
Approx 80% complete for SF0018_1_trimmed.fq.gz
Approx 85% complete for SF0018_1_trimmed.fq.gz
Approx 90% complete for SF0018_1_trimmed.fq.gz
Approx 95% complete for SF0018_1_trimmed.fq.gz
Analysis complete for SF0018_1_trimmed.fq.gz
Started analysis of SF0018_2_trimmed.fq.gz
Approx 5% complete for SF0018_2_trimmed.fq.gz
Approx 10% complete for SF0018_2_trimmed.fq.gz
Approx 15% complete for SF0018_2_trimmed.fq.gz
Approx 20% complete for SF0018_2_trimmed.fq.gz
Approx 25% complete for SF0018_2_trimmed.fq.gz
Approx 30% complete for SF0018_2_trimmed.fq.gz
Approx 35% complete for SF0018_2_trimmed.fq.gz
Approx 40% complete for SF0018_2_trimmed.fq.gz
Approx 45% complete for SF0018_2_trimmed.fq.gz
Approx 50% complete for SF0018_2_trimmed.fq.gz
Approx 55% complete for SF0018_2_trimmed.fq.gz
Approx 60% complete for SF0018_2_trimmed.fq.gz
Approx 65% complete for SF0018_2_trimmed.fq.gz
Approx 70% complete for SF0018_2_trimmed.fq.gz
Approx 75% complete for SF0018_2_trimmed.fq.gz
Approx 80% complete for SF0018_2_trimmed.fq.gz
Approx 85% complete for SF0018_2_trimmed.fq.gz
Approx 90% complete for SF0018_2_trimmed.fq.gz
Approx 95% complete for SF0018_2_trimmed.fq.gz
Analysis complete for SF0018_2_trimmed.fq.gz
Started analysis of SF0022_1_trimmed.fq.gz
Approx 5% complete for SF0022_1_trimmed.fq.gz
Approx 10% complete for SF0022_1_trimmed.fq.gz
Approx 15% complete for SF0022_1_trimmed.fq.gz
Approx 20% complete for SF0022_1_trimmed.fq.gz
Approx 25% complete for SF0022_1_trimmed.fq.gz
Approx 30% complete for SF0022_1_trimmed.fq.gz
Approx 35% complete for SF0022_1_trimmed.fq.gz
Approx 40% complete for SF0022_1_trimmed.fq.gz
Approx 45% complete for SF0022_1_trimmed.fq.gz
Approx 50% complete for SF0022_1_trimmed.fq.gz
Approx 55% complete for SF0022_1_trimmed.fq.gz
Approx 60% complete for SF0022_1_trimmed.fq.gz
Approx 65% complete for SF0022_1_trimmed.fq.gz
Approx 70% complete for SF0022_1_trimmed.fq.gz
Approx 75% complete for SF0022_1_trimmed.fq.gz
Approx 80% complete for SF0022_1_trimmed.fq.gz
Approx 85% complete for SF0022_1_trimmed.fq.gz
Approx 90% complete for SF0022_1_trimmed.fq.gz
Approx 95% complete for SF0022_1_trimmed.fq.gz
Analysis complete for SF0022_1_trimmed.fq.gz
Started analysis of SF0022_2_trimmed.fq.gz
Approx 5% complete for SF0022_2_trimmed.fq.gz
Approx 10% complete for SF0022_2_trimmed.fq.gz
Approx 15% complete for SF0022_2_trimmed.fq.gz
Approx 20% complete for SF0022_2_trimmed.fq.gz
Approx 25% complete for SF0022_2_trimmed.fq.gz
Approx 30% complete for SF0022_2_trimmed.fq.gz
Approx 35% complete for SF0022_2_trimmed.fq.gz
Approx 40% complete for SF0022_2_trimmed.fq.gz
Approx 45% complete for SF0022_2_trimmed.fq.gz
Approx 50% complete for SF0022_2_trimmed.fq.gz
Approx 55% complete for SF0022_2_trimmed.fq.gz
Approx 60% complete for SF0022_2_trimmed.fq.gz
Approx 65% complete for SF0022_2_trimmed.fq.gz
Approx 70% complete for SF0022_2_trimmed.fq.gz
Approx 75% complete for SF0022_2_trimmed.fq.gz
Approx 80% complete for SF0022_2_trimmed.fq.gz
Approx 85% complete for SF0022_2_trimmed.fq.gz
Approx 90% complete for SF0022_2_trimmed.fq.gz
Approx 95% complete for SF0022_2_trimmed.fq.gz
Analysis complete for SF0022_2_trimmed.fq.gz
Started analysis of SM1004_1_trimmed.fq.gz
Approx 5% complete for SM1004_1_trimmed.fq.gz
Approx 10% complete for SM1004_1_trimmed.fq.gz
Approx 15% complete for SM1004_1_trimmed.fq.gz
Approx 20% complete for SM1004_1_trimmed.fq.gz
Approx 25% complete for SM1004_1_trimmed.fq.gz
Approx 30% complete for SM1004_1_trimmed.fq.gz
Approx 35% complete for SM1004_1_trimmed.fq.gz
Approx 40% complete for SM1004_1_trimmed.fq.gz
Approx 45% complete for SM1004_1_trimmed.fq.gz
Approx 50% complete for SM1004_1_trimmed.fq.gz
Approx 55% complete for SM1004_1_trimmed.fq.gz
Approx 60% complete for SM1004_1_trimmed.fq.gz
Approx 65% complete for SM1004_1_trimmed.fq.gz
Approx 70% complete for SM1004_1_trimmed.fq.gz
Approx 75% complete for SM1004_1_trimmed.fq.gz
Approx 80% complete for SM1004_1_trimmed.fq.gz
Approx 85% complete for SM1004_1_trimmed.fq.gz
Approx 90% complete for SM1004_1_trimmed.fq.gz
Approx 95% complete for SM1004_1_trimmed.fq.gz
Analysis complete for SM1004_1_trimmed.fq.gz
Started analysis of SM1004_2_trimmed.fq.gz
Approx 5% complete for SM1004_2_trimmed.fq.gz
Approx 10% complete for SM1004_2_trimmed.fq.gz
Approx 15% complete for SM1004_2_trimmed.fq.gz
Approx 20% complete for SM1004_2_trimmed.fq.gz
Approx 25% complete for SM1004_2_trimmed.fq.gz
Approx 30% complete for SM1004_2_trimmed.fq.gz
Approx 35% complete for SM1004_2_trimmed.fq.gz
Approx 40% complete for SM1004_2_trimmed.fq.gz
Approx 45% complete for SM1004_2_trimmed.fq.gz
Approx 50% complete for SM1004_2_trimmed.fq.gz
Approx 55% complete for SM1004_2_trimmed.fq.gz
Approx 60% complete for SM1004_2_trimmed.fq.gz
Approx 65% complete for SM1004_2_trimmed.fq.gz
Approx 70% complete for SM1004_2_trimmed.fq.gz
Approx 75% complete for SM1004_2_trimmed.fq.gz
Approx 80% complete for SM1004_2_trimmed.fq.gz
Approx 85% complete for SM1004_2_trimmed.fq.gz
Approx 90% complete for SM1004_2_trimmed.fq.gz
Approx 95% complete for SM1004_2_trimmed.fq.gz
Analysis complete for SM1004_2_trimmed.fq.gz
Started analysis of SM1005_1_trimmed.fq.gz
Approx 5% complete for SM1005_1_trimmed.fq.gz
Approx 10% complete for SM1005_1_trimmed.fq.gz
Approx 15% complete for SM1005_1_trimmed.fq.gz
Approx 20% complete for SM1005_1_trimmed.fq.gz
Approx 25% complete for SM1005_1_trimmed.fq.gz
Approx 30% complete for SM1005_1_trimmed.fq.gz
Approx 35% complete for SM1005_1_trimmed.fq.gz
Approx 40% complete for SM1005_1_trimmed.fq.gz
Approx 45% complete for SM1005_1_trimmed.fq.gz
Approx 50% complete for SM1005_1_trimmed.fq.gz
Approx 55% complete for SM1005_1_trimmed.fq.gz
Approx 60% complete for SM1005_1_trimmed.fq.gz
Approx 65% complete for SM1005_1_trimmed.fq.gz
Approx 70% complete for SM1005_1_trimmed.fq.gz
Approx 75% complete for SM1005_1_trimmed.fq.gz
Approx 80% complete for SM1005_1_trimmed.fq.gz
Approx 85% complete for SM1005_1_trimmed.fq.gz
Approx 90% complete for SM1005_1_trimmed.fq.gz
Approx 95% complete for SM1005_1_trimmed.fq.gz
Analysis complete for SM1005_1_trimmed.fq.gz
Started analysis of SM1005_2_trimmed.fq.gz
Approx 5% complete for SM1005_2_trimmed.fq.gz
Approx 10% complete for SM1005_2_trimmed.fq.gz
Approx 15% complete for SM1005_2_trimmed.fq.gz
Approx 20% complete for SM1005_2_trimmed.fq.gz
Approx 25% complete for SM1005_2_trimmed.fq.gz
Approx 30% complete for SM1005_2_trimmed.fq.gz
Approx 35% complete for SM1005_2_trimmed.fq.gz
Approx 40% complete for SM1005_2_trimmed.fq.gz
Approx 45% complete for SM1005_2_trimmed.fq.gz
Approx 50% complete for SM1005_2_trimmed.fq.gz
Approx 55% complete for SM1005_2_trimmed.fq.gz
Approx 60% complete for SM1005_2_trimmed.fq.gz
Approx 65% complete for SM1005_2_trimmed.fq.gz
Approx 70% complete for SM1005_2_trimmed.fq.gz
Approx 75% complete for SM1005_2_trimmed.fq.gz
Approx 80% complete for SM1005_2_trimmed.fq.gz
Approx 85% complete for SM1005_2_trimmed.fq.gz
Approx 90% complete for SM1005_2_trimmed.fq.gz
Approx 95% complete for SM1005_2_trimmed.fq.gz
Analysis complete for SM1005_2_trimmed.fq.gz
Started analysis of SM1007_1_trimmed.fq.gz
Approx 5% complete for SM1007_1_trimmed.fq.gz
Approx 10% complete for SM1007_1_trimmed.fq.gz
Approx 15% complete for SM1007_1_trimmed.fq.gz
Approx 20% complete for SM1007_1_trimmed.fq.gz
Approx 25% complete for SM1007_1_trimmed.fq.gz
Approx 30% complete for SM1007_1_trimmed.fq.gz
Approx 35% complete for SM1007_1_trimmed.fq.gz
Approx 40% complete for SM1007_1_trimmed.fq.gz
Approx 45% complete for SM1007_1_trimmed.fq.gz
Approx 50% complete for SM1007_1_trimmed.fq.gz
Approx 55% complete for SM1007_1_trimmed.fq.gz
Approx 60% complete for SM1007_1_trimmed.fq.gz
Approx 65% complete for SM1007_1_trimmed.fq.gz
Approx 70% complete for SM1007_1_trimmed.fq.gz
Approx 75% complete for SM1007_1_trimmed.fq.gz
Approx 80% complete for SM1007_1_trimmed.fq.gz
Approx 85% complete for SM1007_1_trimmed.fq.gz
Approx 90% complete for SM1007_1_trimmed.fq.gz
Approx 95% complete for SM1007_1_trimmed.fq.gz
Analysis complete for SM1007_1_trimmed.fq.gz
Started analysis of SM1007_2_trimmed.fq.gz
Approx 5% complete for SM1007_2_trimmed.fq.gz
Approx 10% complete for SM1007_2_trimmed.fq.gz
Approx 15% complete for SM1007_2_trimmed.fq.gz
Approx 20% complete for SM1007_2_trimmed.fq.gz
Approx 25% complete for SM1007_2_trimmed.fq.gz
Approx 30% complete for SM1007_2_trimmed.fq.gz
Approx 35% complete for SM1007_2_trimmed.fq.gz
Approx 40% complete for SM1007_2_trimmed.fq.gz
Approx 45% complete for SM1007_2_trimmed.fq.gz
Approx 50% complete for SM1007_2_trimmed.fq.gz
Approx 55% complete for SM1007_2_trimmed.fq.gz
Approx 60% complete for SM1007_2_trimmed.fq.gz
Approx 65% complete for SM1007_2_trimmed.fq.gz
Approx 70% complete for SM1007_2_trimmed.fq.gz
Approx 75% complete for SM1007_2_trimmed.fq.gz
Approx 80% complete for SM1007_2_trimmed.fq.gz
Approx 85% complete for SM1007_2_trimmed.fq.gz
Approx 90% complete for SM1007_2_trimmed.fq.gz
Approx 95% complete for SM1007_2_trimmed.fq.gz
Approx 100% complete for SM1007_2_trimmed.fq.gz
Analysis complete for SM1007_2_trimmed.fq.gz
Started analysis of SM1008_1_trimmed.fq.gz
Approx 5% complete for SM1008_1_trimmed.fq.gz
Approx 10% complete for SM1008_1_trimmed.fq.gz
Approx 15% complete for SM1008_1_trimmed.fq.gz
Approx 20% complete for SM1008_1_trimmed.fq.gz
Approx 25% complete for SM1008_1_trimmed.fq.gz
Approx 30% complete for SM1008_1_trimmed.fq.gz
Approx 35% complete for SM1008_1_trimmed.fq.gz
Approx 40% complete for SM1008_1_trimmed.fq.gz
Approx 45% complete for SM1008_1_trimmed.fq.gz
Approx 50% complete for SM1008_1_trimmed.fq.gz
Approx 55% complete for SM1008_1_trimmed.fq.gz
Approx 60% complete for SM1008_1_trimmed.fq.gz
Approx 65% complete for SM1008_1_trimmed.fq.gz
Approx 70% complete for SM1008_1_trimmed.fq.gz
Approx 75% complete for SM1008_1_trimmed.fq.gz
Approx 80% complete for SM1008_1_trimmed.fq.gz
Approx 85% complete for SM1008_1_trimmed.fq.gz
Approx 90% complete for SM1008_1_trimmed.fq.gz
Approx 95% complete for SM1008_1_trimmed.fq.gz
Analysis complete for SM1008_1_trimmed.fq.gz
Started analysis of SM1008_2_trimmed.fq.gz
Approx 5% complete for SM1008_2_trimmed.fq.gz
Approx 10% complete for SM1008_2_trimmed.fq.gz
Approx 15% complete for SM1008_2_trimmed.fq.gz
Approx 20% complete for SM1008_2_trimmed.fq.gz
Approx 25% complete for SM1008_2_trimmed.fq.gz
Approx 30% complete for SM1008_2_trimmed.fq.gz
Approx 35% complete for SM1008_2_trimmed.fq.gz
Approx 40% complete for SM1008_2_trimmed.fq.gz
Approx 45% complete for SM1008_2_trimmed.fq.gz
Approx 50% complete for SM1008_2_trimmed.fq.gz
Approx 55% complete for SM1008_2_trimmed.fq.gz
Approx 60% complete for SM1008_2_trimmed.fq.gz
Approx 65% complete for SM1008_2_trimmed.fq.gz
Approx 70% complete for SM1008_2_trimmed.fq.gz
Approx 75% complete for SM1008_2_trimmed.fq.gz
Approx 80% complete for SM1008_2_trimmed.fq.gz
Approx 85% complete for SM1008_2_trimmed.fq.gz
Approx 90% complete for SM1008_2_trimmed.fq.gz
Approx 95% complete for SM1008_2_trimmed.fq.gz
Analysis complete for SM1008_2_trimmed.fq.gz
Started analysis of SM1010_1_trimmed.fq.gz
Approx 5% complete for SM1010_1_trimmed.fq.gz
Approx 10% complete for SM1010_1_trimmed.fq.gz
Approx 15% complete for SM1010_1_trimmed.fq.gz
Approx 20% complete for SM1010_1_trimmed.fq.gz
Approx 25% complete for SM1010_1_trimmed.fq.gz
Approx 30% complete for SM1010_1_trimmed.fq.gz
Approx 35% complete for SM1010_1_trimmed.fq.gz
Approx 40% complete for SM1010_1_trimmed.fq.gz
Approx 45% complete for SM1010_1_trimmed.fq.gz
Approx 50% complete for SM1010_1_trimmed.fq.gz
Approx 55% complete for SM1010_1_trimmed.fq.gz
Approx 60% complete for SM1010_1_trimmed.fq.gz
Approx 65% complete for SM1010_1_trimmed.fq.gz
Approx 70% complete for SM1010_1_trimmed.fq.gz
Approx 75% complete for SM1010_1_trimmed.fq.gz
Approx 80% complete for SM1010_1_trimmed.fq.gz
Approx 85% complete for SM1010_1_trimmed.fq.gz
Approx 90% complete for SM1010_1_trimmed.fq.gz
Approx 95% complete for SM1010_1_trimmed.fq.gz
Analysis complete for SM1010_1_trimmed.fq.gz
Started analysis of SM1010_2_trimmed.fq.gz
Approx 5% complete for SM1010_2_trimmed.fq.gz
Approx 10% complete for SM1010_2_trimmed.fq.gz
Approx 15% complete for SM1010_2_trimmed.fq.gz
Approx 20% complete for SM1010_2_trimmed.fq.gz
Approx 25% complete for SM1010_2_trimmed.fq.gz
Approx 30% complete for SM1010_2_trimmed.fq.gz
Approx 35% complete for SM1010_2_trimmed.fq.gz
Approx 40% complete for SM1010_2_trimmed.fq.gz
Approx 45% complete for SM1010_2_trimmed.fq.gz
Approx 50% complete for SM1010_2_trimmed.fq.gz
Approx 55% complete for SM1010_2_trimmed.fq.gz
Approx 60% complete for SM1010_2_trimmed.fq.gz
Approx 65% complete for SM1010_2_trimmed.fq.gz
Approx 70% complete for SM1010_2_trimmed.fq.gz
Approx 75% complete for SM1010_2_trimmed.fq.gz
Approx 80% complete for SM1010_2_trimmed.fq.gz
Approx 85% complete for SM1010_2_trimmed.fq.gz
Approx 90% complete for SM1010_2_trimmed.fq.gz
Approx 95% complete for SM1010_2_trimmed.fq.gz
Analysis complete for SM1010_2_trimmed.fq.gz
Started analysis of TF0005_1_trimmed.fq.gz
Approx 5% complete for TF0005_1_trimmed.fq.gz
Approx 10% complete for TF0005_1_trimmed.fq.gz
Approx 15% complete for TF0005_1_trimmed.fq.gz
Approx 20% complete for TF0005_1_trimmed.fq.gz
Approx 25% complete for TF0005_1_trimmed.fq.gz
Approx 30% complete for TF0005_1_trimmed.fq.gz
Approx 35% complete for TF0005_1_trimmed.fq.gz
Approx 40% complete for TF0005_1_trimmed.fq.gz
Approx 45% complete for TF0005_1_trimmed.fq.gz
Approx 50% complete for TF0005_1_trimmed.fq.gz
Approx 55% complete for TF0005_1_trimmed.fq.gz
Approx 60% complete for TF0005_1_trimmed.fq.gz
Approx 65% complete for TF0005_1_trimmed.fq.gz
Approx 70% complete for TF0005_1_trimmed.fq.gz
Approx 75% complete for TF0005_1_trimmed.fq.gz
Approx 80% complete for TF0005_1_trimmed.fq.gz
Approx 85% complete for TF0005_1_trimmed.fq.gz
Approx 90% complete for TF0005_1_trimmed.fq.gz
Approx 95% complete for TF0005_1_trimmed.fq.gz
Analysis complete for TF0005_1_trimmed.fq.gz
Started analysis of TF0005_2_trimmed.fq.gz
Approx 5% complete for TF0005_2_trimmed.fq.gz
Approx 10% complete for TF0005_2_trimmed.fq.gz
Approx 15% complete for TF0005_2_trimmed.fq.gz
Approx 20% complete for TF0005_2_trimmed.fq.gz
Approx 25% complete for TF0005_2_trimmed.fq.gz
Approx 30% complete for TF0005_2_trimmed.fq.gz
Approx 35% complete for TF0005_2_trimmed.fq.gz
Approx 40% complete for TF0005_2_trimmed.fq.gz
Approx 45% complete for TF0005_2_trimmed.fq.gz
Approx 50% complete for TF0005_2_trimmed.fq.gz
Approx 55% complete for TF0005_2_trimmed.fq.gz
Approx 60% complete for TF0005_2_trimmed.fq.gz
Approx 65% complete for TF0005_2_trimmed.fq.gz
Approx 70% complete for TF0005_2_trimmed.fq.gz
Approx 75% complete for TF0005_2_trimmed.fq.gz
Approx 80% complete for TF0005_2_trimmed.fq.gz
Approx 85% complete for TF0005_2_trimmed.fq.gz
Approx 90% complete for TF0005_2_trimmed.fq.gz
Approx 95% complete for TF0005_2_trimmed.fq.gz
Analysis complete for TF0005_2_trimmed.fq.gz
Started analysis of TF0006_1_trimmed.fq.gz
Approx 5% complete for TF0006_1_trimmed.fq.gz
Approx 10% complete for TF0006_1_trimmed.fq.gz
Approx 15% complete for TF0006_1_trimmed.fq.gz
Approx 20% complete for TF0006_1_trimmed.fq.gz
Approx 25% complete for TF0006_1_trimmed.fq.gz
Approx 30% complete for TF0006_1_trimmed.fq.gz
Approx 35% complete for TF0006_1_trimmed.fq.gz
Approx 40% complete for TF0006_1_trimmed.fq.gz
Approx 45% complete for TF0006_1_trimmed.fq.gz
Approx 50% complete for TF0006_1_trimmed.fq.gz
Approx 55% complete for TF0006_1_trimmed.fq.gz
Approx 60% complete for TF0006_1_trimmed.fq.gz
Approx 65% complete for TF0006_1_trimmed.fq.gz
Approx 70% complete for TF0006_1_trimmed.fq.gz
Approx 75% complete for TF0006_1_trimmed.fq.gz
Approx 80% complete for TF0006_1_trimmed.fq.gz
Approx 85% complete for TF0006_1_trimmed.fq.gz
Approx 90% complete for TF0006_1_trimmed.fq.gz
Approx 95% complete for TF0006_1_trimmed.fq.gz
Analysis complete for TF0006_1_trimmed.fq.gz
Started analysis of TF0006_2_trimmed.fq.gz
Approx 5% complete for TF0006_2_trimmed.fq.gz
Approx 10% complete for TF0006_2_trimmed.fq.gz
Approx 15% complete for TF0006_2_trimmed.fq.gz
Approx 20% complete for TF0006_2_trimmed.fq.gz
Approx 25% complete for TF0006_2_trimmed.fq.gz
Approx 30% complete for TF0006_2_trimmed.fq.gz
Approx 35% complete for TF0006_2_trimmed.fq.gz
Approx 40% complete for TF0006_2_trimmed.fq.gz
Approx 45% complete for TF0006_2_trimmed.fq.gz
Approx 50% complete for TF0006_2_trimmed.fq.gz
Approx 55% complete for TF0006_2_trimmed.fq.gz
Approx 60% complete for TF0006_2_trimmed.fq.gz
Approx 65% complete for TF0006_2_trimmed.fq.gz
Approx 70% complete for TF0006_2_trimmed.fq.gz
Approx 75% complete for TF0006_2_trimmed.fq.gz
Approx 80% complete for TF0006_2_trimmed.fq.gz
Approx 85% complete for TF0006_2_trimmed.fq.gz
Approx 90% complete for TF0006_2_trimmed.fq.gz
Approx 95% complete for TF0006_2_trimmed.fq.gz
Analysis complete for TF0006_2_trimmed.fq.gz
Started analysis of TF0008_1_trimmed.fq.gz
Approx 5% complete for TF0008_1_trimmed.fq.gz
Approx 10% complete for TF0008_1_trimmed.fq.gz
Approx 15% complete for TF0008_1_trimmed.fq.gz
Approx 20% complete for TF0008_1_trimmed.fq.gz
Approx 25% complete for TF0008_1_trimmed.fq.gz
Approx 30% complete for TF0008_1_trimmed.fq.gz
Approx 35% complete for TF0008_1_trimmed.fq.gz
Approx 40% complete for TF0008_1_trimmed.fq.gz
Approx 45% complete for TF0008_1_trimmed.fq.gz
Approx 50% complete for TF0008_1_trimmed.fq.gz
Approx 55% complete for TF0008_1_trimmed.fq.gz
Approx 60% complete for TF0008_1_trimmed.fq.gz
Approx 65% complete for TF0008_1_trimmed.fq.gz
Approx 70% complete for TF0008_1_trimmed.fq.gz
Approx 75% complete for TF0008_1_trimmed.fq.gz
Approx 80% complete for TF0008_1_trimmed.fq.gz
Approx 85% complete for TF0008_1_trimmed.fq.gz
Approx 90% complete for TF0008_1_trimmed.fq.gz
Approx 95% complete for TF0008_1_trimmed.fq.gz
Analysis complete for TF0008_1_trimmed.fq.gz
Started analysis of TF0008_2_trimmed.fq.gz
Approx 5% complete for TF0008_2_trimmed.fq.gz
Approx 10% complete for TF0008_2_trimmed.fq.gz
Approx 15% complete for TF0008_2_trimmed.fq.gz
Approx 20% complete for TF0008_2_trimmed.fq.gz
Approx 25% complete for TF0008_2_trimmed.fq.gz
Approx 30% complete for TF0008_2_trimmed.fq.gz
Approx 35% complete for TF0008_2_trimmed.fq.gz
Approx 40% complete for TF0008_2_trimmed.fq.gz
Approx 45% complete for TF0008_2_trimmed.fq.gz
Approx 50% complete for TF0008_2_trimmed.fq.gz
Approx 55% complete for TF0008_2_trimmed.fq.gz
Approx 60% complete for TF0008_2_trimmed.fq.gz
Approx 65% complete for TF0008_2_trimmed.fq.gz
Approx 70% complete for TF0008_2_trimmed.fq.gz
Approx 75% complete for TF0008_2_trimmed.fq.gz
Approx 80% complete for TF0008_2_trimmed.fq.gz
Approx 85% complete for TF0008_2_trimmed.fq.gz
Approx 90% complete for TF0008_2_trimmed.fq.gz
Approx 95% complete for TF0008_2_trimmed.fq.gz
Analysis complete for TF0008_2_trimmed.fq.gz
Started analysis of TF0011_1_trimmed.fq.gz
Approx 5% complete for TF0011_1_trimmed.fq.gz
Approx 10% complete for TF0011_1_trimmed.fq.gz
Approx 15% complete for TF0011_1_trimmed.fq.gz
Approx 20% complete for TF0011_1_trimmed.fq.gz
Approx 25% complete for TF0011_1_trimmed.fq.gz
Approx 30% complete for TF0011_1_trimmed.fq.gz
Approx 35% complete for TF0011_1_trimmed.fq.gz
Approx 40% complete for TF0011_1_trimmed.fq.gz
Approx 45% complete for TF0011_1_trimmed.fq.gz
Approx 50% complete for TF0011_1_trimmed.fq.gz
Approx 55% complete for TF0011_1_trimmed.fq.gz
Approx 60% complete for TF0011_1_trimmed.fq.gz
Approx 65% complete for TF0011_1_trimmed.fq.gz
Approx 70% complete for TF0011_1_trimmed.fq.gz
Approx 75% complete for TF0011_1_trimmed.fq.gz
Approx 80% complete for TF0011_1_trimmed.fq.gz
Approx 85% complete for TF0011_1_trimmed.fq.gz
Approx 90% complete for TF0011_1_trimmed.fq.gz
Approx 95% complete for TF0011_1_trimmed.fq.gz
Analysis complete for TF0011_1_trimmed.fq.gz
Started analysis of TF0011_2_trimmed.fq.gz
Approx 5% complete for TF0011_2_trimmed.fq.gz
Approx 10% complete for TF0011_2_trimmed.fq.gz
Approx 15% complete for TF0011_2_trimmed.fq.gz
Approx 20% complete for TF0011_2_trimmed.fq.gz
Approx 25% complete for TF0011_2_trimmed.fq.gz
Approx 30% complete for TF0011_2_trimmed.fq.gz
Approx 35% complete for TF0011_2_trimmed.fq.gz
Approx 40% complete for TF0011_2_trimmed.fq.gz
Approx 45% complete for TF0011_2_trimmed.fq.gz
Approx 50% complete for TF0011_2_trimmed.fq.gz
Approx 55% complete for TF0011_2_trimmed.fq.gz
Approx 60% complete for TF0011_2_trimmed.fq.gz
Approx 65% complete for TF0011_2_trimmed.fq.gz
Approx 70% complete for TF0011_2_trimmed.fq.gz
Approx 75% complete for TF0011_2_trimmed.fq.gz
Approx 80% complete for TF0011_2_trimmed.fq.gz
Approx 85% complete for TF0011_2_trimmed.fq.gz
Approx 90% complete for TF0011_2_trimmed.fq.gz
Approx 95% complete for TF0011_2_trimmed.fq.gz
Analysis complete for TF0011_2_trimmed.fq.gz
Started analysis of TF0014_1_trimmed.fq.gz
Approx 5% complete for TF0014_1_trimmed.fq.gz
Approx 10% complete for TF0014_1_trimmed.fq.gz
Approx 15% complete for TF0014_1_trimmed.fq.gz
Approx 20% complete for TF0014_1_trimmed.fq.gz
Approx 25% complete for TF0014_1_trimmed.fq.gz
Approx 30% complete for TF0014_1_trimmed.fq.gz
Approx 35% complete for TF0014_1_trimmed.fq.gz
Approx 40% complete for TF0014_1_trimmed.fq.gz
Approx 45% complete for TF0014_1_trimmed.fq.gz
Approx 50% complete for TF0014_1_trimmed.fq.gz
Approx 55% complete for TF0014_1_trimmed.fq.gz
Approx 60% complete for TF0014_1_trimmed.fq.gz
Approx 65% complete for TF0014_1_trimmed.fq.gz
Approx 70% complete for TF0014_1_trimmed.fq.gz
Approx 75% complete for TF0014_1_trimmed.fq.gz
Approx 80% complete for TF0014_1_trimmed.fq.gz
Approx 85% complete for TF0014_1_trimmed.fq.gz
Approx 90% complete for TF0014_1_trimmed.fq.gz
Approx 95% complete for TF0014_1_trimmed.fq.gz
Analysis complete for TF0014_1_trimmed.fq.gz
Started analysis of TF0014_2_trimmed.fq.gz
Approx 5% complete for TF0014_2_trimmed.fq.gz
Approx 10% complete for TF0014_2_trimmed.fq.gz
Approx 15% complete for TF0014_2_trimmed.fq.gz
Approx 20% complete for TF0014_2_trimmed.fq.gz
Approx 25% complete for TF0014_2_trimmed.fq.gz
Approx 30% complete for TF0014_2_trimmed.fq.gz
Approx 35% complete for TF0014_2_trimmed.fq.gz
Approx 40% complete for TF0014_2_trimmed.fq.gz
Approx 45% complete for TF0014_2_trimmed.fq.gz
Approx 50% complete for TF0014_2_trimmed.fq.gz
Approx 55% complete for TF0014_2_trimmed.fq.gz
Approx 60% complete for TF0014_2_trimmed.fq.gz
Approx 65% complete for TF0014_2_trimmed.fq.gz
Approx 70% complete for TF0014_2_trimmed.fq.gz
Approx 75% complete for TF0014_2_trimmed.fq.gz
Approx 80% complete for TF0014_2_trimmed.fq.gz
Approx 85% complete for TF0014_2_trimmed.fq.gz
Approx 90% complete for TF0014_2_trimmed.fq.gz
Approx 95% complete for TF0014_2_trimmed.fq.gz
Analysis complete for TF0014_2_trimmed.fq.gz
Started analysis of TF0015_1_trimmed.fq.gz
Approx 5% complete for TF0015_1_trimmed.fq.gz
Approx 10% complete for TF0015_1_trimmed.fq.gz
Approx 15% complete for TF0015_1_trimmed.fq.gz
Approx 20% complete for TF0015_1_trimmed.fq.gz
Approx 25% complete for TF0015_1_trimmed.fq.gz
Approx 30% complete for TF0015_1_trimmed.fq.gz
Approx 35% complete for TF0015_1_trimmed.fq.gz
Approx 40% complete for TF0015_1_trimmed.fq.gz
Approx 45% complete for TF0015_1_trimmed.fq.gz
Approx 50% complete for TF0015_1_trimmed.fq.gz
Approx 55% complete for TF0015_1_trimmed.fq.gz
Approx 60% complete for TF0015_1_trimmed.fq.gz
Approx 65% complete for TF0015_1_trimmed.fq.gz
Approx 70% complete for TF0015_1_trimmed.fq.gz
Approx 75% complete for TF0015_1_trimmed.fq.gz
Approx 80% complete for TF0015_1_trimmed.fq.gz
Approx 85% complete for TF0015_1_trimmed.fq.gz
Approx 90% complete for TF0015_1_trimmed.fq.gz
Approx 95% complete for TF0015_1_trimmed.fq.gz
Analysis complete for TF0015_1_trimmed.fq.gz
Started analysis of TF0015_2_trimmed.fq.gz
Approx 5% complete for TF0015_2_trimmed.fq.gz
Approx 10% complete for TF0015_2_trimmed.fq.gz
Approx 15% complete for TF0015_2_trimmed.fq.gz
Approx 20% complete for TF0015_2_trimmed.fq.gz
Approx 25% complete for TF0015_2_trimmed.fq.gz
Approx 30% complete for TF0015_2_trimmed.fq.gz
Approx 35% complete for TF0015_2_trimmed.fq.gz
Approx 40% complete for TF0015_2_trimmed.fq.gz
Approx 45% complete for TF0015_2_trimmed.fq.gz
Approx 50% complete for TF0015_2_trimmed.fq.gz
Approx 55% complete for TF0015_2_trimmed.fq.gz
Approx 60% complete for TF0015_2_trimmed.fq.gz
Approx 65% complete for TF0015_2_trimmed.fq.gz
Approx 70% complete for TF0015_2_trimmed.fq.gz
Approx 75% complete for TF0015_2_trimmed.fq.gz
Approx 80% complete for TF0015_2_trimmed.fq.gz
Approx 85% complete for TF0015_2_trimmed.fq.gz
Approx 90% complete for TF0015_2_trimmed.fq.gz
Approx 95% complete for TF0015_2_trimmed.fq.gz
Analysis complete for TF0015_2_trimmed.fq.gz
Started analysis of TF0021_1_trimmed.fq.gz
Approx 5% complete for TF0021_1_trimmed.fq.gz
Approx 10% complete for TF0021_1_trimmed.fq.gz
Approx 15% complete for TF0021_1_trimmed.fq.gz
Approx 20% complete for TF0021_1_trimmed.fq.gz
Approx 25% complete for TF0021_1_trimmed.fq.gz
Approx 30% complete for TF0021_1_trimmed.fq.gz
Approx 35% complete for TF0021_1_trimmed.fq.gz
Approx 40% complete for TF0021_1_trimmed.fq.gz
Approx 45% complete for TF0021_1_trimmed.fq.gz
Approx 50% complete for TF0021_1_trimmed.fq.gz
Approx 55% complete for TF0021_1_trimmed.fq.gz
Approx 60% complete for TF0021_1_trimmed.fq.gz
Approx 65% complete for TF0021_1_trimmed.fq.gz
Approx 70% complete for TF0021_1_trimmed.fq.gz
Approx 75% complete for TF0021_1_trimmed.fq.gz
Approx 80% complete for TF0021_1_trimmed.fq.gz
Approx 85% complete for TF0021_1_trimmed.fq.gz
Approx 90% complete for TF0021_1_trimmed.fq.gz
Approx 95% complete for TF0021_1_trimmed.fq.gz
Analysis complete for TF0021_1_trimmed.fq.gz
Started analysis of TF0021_2_trimmed.fq.gz
Approx 5% complete for TF0021_2_trimmed.fq.gz
Approx 10% complete for TF0021_2_trimmed.fq.gz
Approx 15% complete for TF0021_2_trimmed.fq.gz
Approx 20% complete for TF0021_2_trimmed.fq.gz
Approx 25% complete for TF0021_2_trimmed.fq.gz
Approx 30% complete for TF0021_2_trimmed.fq.gz
Approx 35% complete for TF0021_2_trimmed.fq.gz
Approx 40% complete for TF0021_2_trimmed.fq.gz
Approx 45% complete for TF0021_2_trimmed.fq.gz
Approx 50% complete for TF0021_2_trimmed.fq.gz
Approx 55% complete for TF0021_2_trimmed.fq.gz
Approx 60% complete for TF0021_2_trimmed.fq.gz
Approx 65% complete for TF0021_2_trimmed.fq.gz
Approx 70% complete for TF0021_2_trimmed.fq.gz
Approx 75% complete for TF0021_2_trimmed.fq.gz
Approx 80% complete for TF0021_2_trimmed.fq.gz
Approx 85% complete for TF0021_2_trimmed.fq.gz
Approx 90% complete for TF0021_2_trimmed.fq.gz
Approx 95% complete for TF0021_2_trimmed.fq.gz
Analysis complete for TF0021_2_trimmed.fq.gz
Started analysis of TF0023_1_trimmed.fq.gz
Approx 5% complete for TF0023_1_trimmed.fq.gz
Approx 10% complete for TF0023_1_trimmed.fq.gz
Approx 15% complete for TF0023_1_trimmed.fq.gz
Approx 20% complete for TF0023_1_trimmed.fq.gz
Approx 25% complete for TF0023_1_trimmed.fq.gz
Approx 30% complete for TF0023_1_trimmed.fq.gz
Approx 35% complete for TF0023_1_trimmed.fq.gz
Approx 40% complete for TF0023_1_trimmed.fq.gz
Approx 45% complete for TF0023_1_trimmed.fq.gz
Approx 50% complete for TF0023_1_trimmed.fq.gz
Approx 55% complete for TF0023_1_trimmed.fq.gz
Approx 60% complete for TF0023_1_trimmed.fq.gz
Approx 65% complete for TF0023_1_trimmed.fq.gz
Approx 70% complete for TF0023_1_trimmed.fq.gz
Approx 75% complete for TF0023_1_trimmed.fq.gz
Approx 80% complete for TF0023_1_trimmed.fq.gz
Approx 85% complete for TF0023_1_trimmed.fq.gz
Approx 90% complete for TF0023_1_trimmed.fq.gz
Approx 95% complete for TF0023_1_trimmed.fq.gz
Analysis complete for TF0023_1_trimmed.fq.gz
Started analysis of TF0023_2_trimmed.fq.gz
Approx 5% complete for TF0023_2_trimmed.fq.gz
Approx 10% complete for TF0023_2_trimmed.fq.gz
Approx 15% complete for TF0023_2_trimmed.fq.gz
Approx 20% complete for TF0023_2_trimmed.fq.gz
Approx 25% complete for TF0023_2_trimmed.fq.gz
Approx 30% complete for TF0023_2_trimmed.fq.gz
Approx 35% complete for TF0023_2_trimmed.fq.gz
Approx 40% complete for TF0023_2_trimmed.fq.gz
Approx 45% complete for TF0023_2_trimmed.fq.gz
Approx 50% complete for TF0023_2_trimmed.fq.gz
Approx 55% complete for TF0023_2_trimmed.fq.gz
Approx 60% complete for TF0023_2_trimmed.fq.gz
Approx 65% complete for TF0023_2_trimmed.fq.gz
Approx 70% complete for TF0023_2_trimmed.fq.gz
Approx 75% complete for TF0023_2_trimmed.fq.gz
Approx 80% complete for TF0023_2_trimmed.fq.gz
Approx 85% complete for TF0023_2_trimmed.fq.gz
Approx 90% complete for TF0023_2_trimmed.fq.gz
Approx 95% complete for TF0023_2_trimmed.fq.gz
Analysis complete for TF0023_2_trimmed.fq.gz
Started analysis of TM1006_1_trimmed.fq.gz
Approx 5% complete for TM1006_1_trimmed.fq.gz
Approx 10% complete for TM1006_1_trimmed.fq.gz
Approx 15% complete for TM1006_1_trimmed.fq.gz
Approx 20% complete for TM1006_1_trimmed.fq.gz
Approx 25% complete for TM1006_1_trimmed.fq.gz
Approx 30% complete for TM1006_1_trimmed.fq.gz
Approx 35% complete for TM1006_1_trimmed.fq.gz
slurmstepd: error: *** JOB 968165 ON c3cpu-c11-u1-2 CANCELLED AT 2023-03-17T16:59:22 DUE TO TIME LIMIT ***
